1600843342657	mozrunner::runner	INFO	Running command: "C:\\Program Files\\Mozilla Firefox\\firefox.exe" "-marionette" "-foreground" "-no-remote" "-profile" "C:\\Users\\chenc\\AppData\\Local\\Temp\\rust_mozprofileldATZX"
JavaScript error: resource://gre/modules/XULStore.jsm, line 66: Error: Can't find profile directory.
console.error: SearchCache: "_readCacheFile: Error reading cache file:" (new Error("", "(unknown module)"))
1600843346880	Marionette	INFO	Listening on port 11005
1600843347380	Marionette	WARN	TLS certificate errors will be ignored for this session
1600843355990	Marionette	INFO	Stopped listening on port 11005

###!!! [Child][RunMessage] Error: Channel closing: too late to send/recv, messages will be lost


###!!! [Child][MessageChannel::SendAndWait] Error: Channel error: cannot send/recv

1600843400966	mozrunner::runner	INFO	Running command: "C:\\Program Files\\Mozilla Firefox\\firefox.exe" "-marionette" "-foreground" "-no-remote" "-profile" "C:\\Users\\chenc\\AppData\\Local\\Temp\\rust_mozprofileOdQDCY"
JavaScript error: resource://gre/modules/XULStore.jsm, line 66: Error: Can't find profile directory.
console.error: SearchCache: "_readCacheFile: Error reading cache file:" (new Error("", "(unknown module)"))
1600843404146	Marionette	INFO	Listening on port 11160
1600843404594	Marionette	WARN	TLS certificate errors will be ignored for this session
JavaScript error: , line 0: uncaught exception: 
1600843437363	Marionette	INFO	Stopped listening on port 11160

###!!! [Child][MessageChannel::SendAndWait] Error: Channel error: cannot send/recv

1600843451088	mozrunner::runner	INFO	Running command: "C:\\Program Files\\Mozilla Firefox\\firefox.exe" "-marionette" "-foreground" "-no-remote" "-profile" "C:\\Users\\chenc\\AppData\\Local\\Temp\\rust_mozprofileZZIi2k"
JavaScript error: resource://gre/modules/XULStore.jsm, line 66: Error: Can't find profile directory.
console.error: SearchCache: "_readCacheFile: Error reading cache file:" (new Error("", "(unknown module)"))
1600843453891	Marionette	INFO	Listening on port 11301
1600843454201	Marionette	WARN	TLS certificate errors will be ignored for this session
1600843467889	Marionette	INFO	Stopped listening on port 11301

###!!! [Child][RunMessage] Error: Channel closing: too late to send/recv, messages will be lost


###!!! [Child][MessageChannel::SendAndWait] Error: Channel error: cannot send/recv

